I0617 18:09:26.777830  6631 convert_annoset.cpp:119] Shuffling data
I0617 18:09:27.077829  6631 convert_annoset.cpp:122] A total of 38899 images.
I0617 18:09:27.078094  6631 db_lmdb.cpp:35] Opened lmdb /playpen/poirson/ssd-pose/data/3Dpascal/pascal3D/lmdb/pascal3D_train_lmdb
I0617 18:09:35.231528  6631 db_lmdb.cpp:101] Doubling LMDB map size to 2MB ...
I0617 18:09:35.231794  6631 db_lmdb.cpp:101] Doubling LMDB map size to 4MB ...
I0617 18:09:35.232286  6631 db_lmdb.cpp:101] Doubling LMDB map size to 8MB ...
I0617 18:09:35.233542  6631 db_lmdb.cpp:101] Doubling LMDB map size to 16MB ...
I0617 18:09:35.237476  6631 db_lmdb.cpp:101] Doubling LMDB map size to 32MB ...
I0617 18:09:35.247493  6631 db_lmdb.cpp:101] Doubling LMDB map size to 64MB ...
I0617 18:09:35.273300  6631 db_lmdb.cpp:101] Doubling LMDB map size to 128MB ...
I0617 18:09:35.958894  6631 convert_annoset.cpp:195] Processed 1000 files.
I0617 18:09:44.879036  6631 db_lmdb.cpp:101] Doubling LMDB map size to 256MB ...
I0617 18:09:45.835868  6631 convert_annoset.cpp:195] Processed 2000 files.
I0617 18:09:53.910262  6631 db_lmdb.cpp:101] Doubling LMDB map size to 512MB ...
I0617 18:09:54.587625  6631 convert_annoset.cpp:195] Processed 3000 files.
I0617 18:10:03.689420  6631 convert_annoset.cpp:195] Processed 4000 files.
I0617 18:10:12.991502  6631 convert_annoset.cpp:195] Processed 5000 files.
I0617 18:10:21.276412  6631 db_lmdb.cpp:101] Doubling LMDB map size to 1024MB ...
I0617 18:10:21.984668  6631 convert_annoset.cpp:195] Processed 6000 files.
I0617 18:10:31.053347  6631 convert_annoset.cpp:195] Processed 7000 files.
I0617 18:10:40.221730  6631 convert_annoset.cpp:195] Processed 8000 files.
I0617 18:10:50.857218  6631 convert_annoset.cpp:195] Processed 9000 files.
I0617 18:11:00.034126  6631 convert_annoset.cpp:195] Processed 10000 files.
I0617 18:11:09.185899  6631 convert_annoset.cpp:195] Processed 11000 files.
I0617 18:11:17.193397  6631 db_lmdb.cpp:101] Doubling LMDB map size to 2048MB ...
I0617 18:11:17.887794  6631 convert_annoset.cpp:195] Processed 12000 files.
I0617 18:11:27.389566  6631 convert_annoset.cpp:195] Processed 13000 files.
I0617 18:11:36.474622  6631 convert_annoset.cpp:195] Processed 14000 files.
I0617 18:11:45.884862  6631 convert_annoset.cpp:195] Processed 15000 files.
I0617 18:11:55.045392  6631 convert_annoset.cpp:195] Processed 16000 files.
I0617 18:12:04.138564  6631 convert_annoset.cpp:195] Processed 17000 files.
I0617 18:12:13.390666  6631 convert_annoset.cpp:195] Processed 18000 files.
I0617 18:12:22.325527  6631 convert_annoset.cpp:195] Processed 19000 files.
I0617 18:12:31.127521  6631 convert_annoset.cpp:195] Processed 20000 files.
I0617 18:12:40.070770  6631 convert_annoset.cpp:195] Processed 21000 files.
I0617 18:12:49.139423  6631 convert_annoset.cpp:195] Processed 22000 files.
I0617 18:12:57.214020  6631 db_lmdb.cpp:101] Doubling LMDB map size to 4096MB ...
I0617 18:12:57.949354  6631 convert_annoset.cpp:195] Processed 23000 files.
I0617 18:13:06.542902  6631 convert_annoset.cpp:195] Processed 24000 files.
I0617 18:13:15.978025  6631 convert_annoset.cpp:195] Processed 25000 files.
I0617 18:13:25.138406  6631 convert_annoset.cpp:195] Processed 26000 files.
I0617 18:13:34.231698  6631 convert_annoset.cpp:195] Processed 27000 files.
I0617 18:13:43.041949  6631 convert_annoset.cpp:195] Processed 28000 files.
I0617 18:13:52.235285  6631 convert_annoset.cpp:195] Processed 29000 files.
I0617 18:14:01.162297  6631 convert_annoset.cpp:195] Processed 30000 files.
I0617 18:14:10.255576  6631 convert_annoset.cpp:195] Processed 31000 files.
I0617 18:14:19.249205  6631 convert_annoset.cpp:195] Processed 32000 files.
I0617 18:14:28.200863  6631 convert_annoset.cpp:195] Processed 33000 files.
I0617 18:14:37.269584  6631 convert_annoset.cpp:195] Processed 34000 files.
I0617 18:14:46.262823  6631 convert_annoset.cpp:195] Processed 35000 files.
I0617 18:14:54.997994  6631 convert_annoset.cpp:195] Processed 36000 files.
I0617 18:15:04.108168  6631 convert_annoset.cpp:195] Processed 37000 files.
I0617 18:15:14.527006  6631 convert_annoset.cpp:195] Processed 38000 files.
I0617 18:15:23.862211  6631 convert_annoset.cpp:201] Processed 38899 files.
/playpen/poirson/ssd-pose/data/3Dpascal/pascal3D
/playpen/poirson/ssd-pose/build/tools/convert_annoset --anno_type=detection --label_type=json --label_map_file=/playpen/poirson/ssd-pose/data/3Dpascal/pascal3D/labelmap_3D.prototxt --check_label=True --min_dim=0 --max_dim=0 --resize_height=0 --resize_width=0 --backend=lmdb --shuffle=True --check_size=False --encode_type=jpg --encoded=True --gray=False /playpen/poirson/ssd-pose/data/3Dpascal/pascal3D/ /playpen/poirson/ssd-pose/data/3Dpascal/pascal3D/cache/train/train.txt /playpen/poirson/ssd-pose/data/3Dpascal/pascal3D/lmdb/pascal3D_train_lmdb
